0000000c80000002
02c1e90002000000
1480000080000000
0000000000000000
0000000000000000
0000000000000000
0000000000000000
0000000000000000
0000000000000000
0000000000000000
0000000000000000
0000000000000000
0000000000000000
0000000000000000
0000000000000000
0000000000000000
0000000000000000
0000000000000000
0000000000000000
0000000000002000
0000000000000000
0000000000000000
0000000000000000
0000000000000000
0000000000000000
0000080100000000
0000000000000000
0000000000000000
0000000000000000
0000000000000000
0000004000000002
0000000000000000
0000000000000000
0000000000000000
0000000000000000
0000000000000000
0000000000000000
0000000000000000
0000000000000000
0000000000000000
0000000000000000
0000000000000000
0000000000000000
0000000000000000
0000000000000000
0000000000000000
0000000000000000
0000000000000000
0000000000000000
0000000000000000
0000000000000000
0000000000000000
0000000000000000
0000000000000000
0000000000000000
0000000000000000
0000000000000000
0000000000000000
0000000000000000
0000000000000000
0000000000000000
0000000000000000
0000000000000000
0000000000000000
0000000000000000
000000000000a400
0200000000000000
0000000000000000
0000000000000000
0000000000000000
0000000000000001
0000080000000000
0000000000000000
0000000000000000
0000000000000000
0000000000000000
0000000000200200
0000000000000000
0000000000000000
0000000000000000
0000000000000000
0000000000080000
0000000300000000
0000000000000000
0000000000000000
0000000000000000
0000000000000000
0100004000000000
0000000000000000
0000000000000000
0000000000000000
0000000000000000
0000000000000000
0000000000000000
0000000000000000
0000000000000000
0000000000000000
0000000000000000
0000000000000000
0000000000000000
0000000000000000
0000000000000000
0000000000000000
0000000000000000
0000000000000000
0000000000000000
0000000000000000
0000000000000000
0000000000000000
0000000000000000
0000000000000000
0000000000000000
0000000000000000
0000000000000000
0000000000000000
0000000000000000
0000000000000000
0000520001000000
0000000000000000
0000000000000000
0000000000000000
0000000000000000
0000008040000000
0400000000000000
0000000000000000
0000000000000000
0000000000000000
0000000000000804
8000100000000000
0000000000000000
0000000000000000
0000000000000000
0000000000000000
0000804800100000
4000000000000000
0000000000000000
0000000000000000
0000000000000000
0000000000a01208
0400c00c00000000
0000000000000000
0000000000000000
0000000000000000
0000000000000000
0000000000000000
0000000000000000
0000000000000000
0000000000000000
0000000000000000
0000000000000000
0000000000000000
0000000000000000
0000000000000000
0000000000000000
0000000000000000
0000000000000000
0000000000000000
0000000000000000
0000000000000000
0000000000000000
0000000000000000
0000000000000000
0000000000000000
0000000000000000
0000000000000820
8000402010008000
0000000000000000
0000000000000000
0000008000005100
0000000000000000
0000000000000000
0000000000000000
0000000000000000
0000000000000000
0000000000000000
0000000000000000
0000000000000000
0000000000000000
0000000000000000
0000200000010000
0000000000000000
0000000000000000
0000000000000000
0000000000000000
0000000000020000
00000000014d8923
09e92c4012f3d36d
cd6d7e053d80725a
822580655805c5a2
a0580563ff805806
5241341800002000
0000000000000000
0000000000000000
0000000000000000
0000000000000000
0000000000804000
0000000000000000
0000000000000000
0000000000000000
0000000000000000
0000000000000000
0000000000000000
0000000000000000
0000000000000000
0000000000000000
0000000000000000
0000000000000000
0000000000000000
0000000000000000
0000000000000000
0000000000000000
0000000000000000
0000000000000000
0000000000000000
0000000000000000
0000000002000000
0010061a60004124
9011c20022000080
0000000000000000
1100000000000000
0000248040000000
0000000000000000
0000000000000000
0000000000000000
0000000000000000
0000030000000000
0000000000000000
0000000000000000
0000000000000000
0000000000000000
0000000000000400
0000050040000000
0000000000000000
0000000000000000
0000000000000000
0000000000000000
00100020000a049a
4000000000000000
0000000000000000
0000000000000000
0000000000000000
000000000034180c
0440523100000000
0000000000000000
0000000000000000
0000000000000000
0000000000000000
0c82002008004100
0000000000000000
0000000000000000
0000000000000000
0000000000000000
0000000100804000
0000000000000000
0000000000000000
0000000000000000
0000000000000000
0000000000000000
0020000000000000
0000000000000000
0000000000000000
0000000000000000
0000000000000000
0000000000000000
0000000000000000
0000000000000000
0060000000060051
0504848200600427
02080030401be800
0800000000200402
6080000000200000
0000000000001642
0000000000000000
0000000000000000
0000000000000000
0000000000000000
0000000000000000
0000020200000000
0000000000000000
0000000000000000
0000000000000000
0000000000000000
0000080180002002
0000000000000000
0000000000000000
0000000000000000
0000000000000000
0000000000010400
00032a4480000000
0000000000000000
0000000000000000
0000000000000000
0000000000000000
0120911840240682
0dbc95d6ec619104
115d3ab48da272d4
d601dcf5004f7740
e000779d4174140e
008ee02009a50c91
2810000000000000
0000000000000000
0000000000000000
0000000000000000
0000000000000000
1001800000410600
0000000000000000
0000000000000000
0000000000000000
0000000000000000
0000000000000000
0001800000000000
0000000000000000
0000000000000000
0000000000000000
0000000000000000
0000000000000000
0000000000000000
0000c00450450021
301b483402034946
d9904f40238db900
000e2d5540104000
001c400180182000
0000400000000300
0c00005000000000
0000000000000000
0000000000000000
0000000000000000
0000000000000000
0000000000000000
0400000000000000
0000000000000000
0000000000000000
0000000000000000
0000000000000002
0000004400000000
0000000000000000
0000000000000000
0000000000000000
0000000000000000
0004104000004076
0085e49e8de06ea0
5056fcd6abbfe569
30bf4f07003fbf4f
8bff4875e4c7ee00
b51407f0f0614882
6cc1000c04cd36c7
21d738821b54a951
c6ec009abbeaba71
1007031370c0cb0d
0c7ff0078888bfcf
e64c49104cfe2402
0000000000000000
0000000000000000
0000000000000000
0000000000000000
000000004d841309
0024400000000000
0000000000000000
0000000000000000
0000000000000000
0000000000000000
1040000000000000
0000000000000000
0000000000000000
0000000000000000
0000000000000000
0000000000000000
0000000000000000
0044104c00430180
02202000020c018e
00c038da8829c0c6
ba06936db6641c00
601b0c0004e00800
0200060080000001
0000200004000008
0000100000000000
0000000000000000
0000000000000000
0000000000000000
0000000000000000
0000000000000000
0000000000000000
0000000000000000
0000000000000000
0000000000000000
0000000000000000
0000000000000000
0000000000000000
0000000000000000
0000000000000000
0000000000004442
00dd018cc0880049
32132c0000000000
3818038202380180
0000000000000000
00000000318c4000
082424c4ad763c66
09415a29d964ada7
6a6fb5140b0404b0
e027ff30bdddc731
7574004b0073a75a
1501119000000000
0000000000000000
0000000000000000
0000000000000000
0000000000000000
6ea64f2222200000
0000000000000000
0000000000000000
0000000000000000
0000000000000000
0000eec82c008800
0000000000000000
0000000000000000
0000000000000000
0000000000000000
0000000000000000
0000000044000000
0182d4c0a508b0c0
10b88000a1800120
0001000100010001
0001000101010001
